/*C3*/SET SCHEMA PUBLIC
DELETE FROM PROJEKT WHERE PROJEKT_ID=34
COMMIT
DELETE FROM PROJEKT WHERE PROJEKT_ID=33
COMMIT
DELETE FROM PROJEKT WHERE PROJEKT_ID=32
COMMIT
DELETE FROM PROJEKT WHERE PROJEKT_ID=31
COMMIT
DELETE FROM PROJEKT WHERE PROJEKT_ID=30
COMMIT
DELETE FROM PROJEKT WHERE PROJEKT_ID=29
COMMIT
DELETE FROM PROJEKT WHERE PROJEKT_ID=27
COMMIT
DELETE FROM PROJEKT WHERE PROJEKT_ID=25
COMMIT
DELETE FROM PROJEKT WHERE PROJEKT_ID=24
COMMIT
DELETE FROM PROJEKT WHERE PROJEKT_ID=23
COMMIT
DELETE FROM PROJEKT WHERE PROJEKT_ID=22
COMMIT
DELETE FROM PROJEKT WHERE PROJEKT_ID=21
COMMIT
INSERT INTO PROJEKT VALUES(35,'test','test','2020-05-21 12:50:44.951000',NULL)
COMMIT
INSERT INTO PROJEKT VALUES(36,'empty','empty','2020-05-21 12:50:58.824000','2020-05-14')
COMMIT
INSERT INTO PROJEKT VALUES(37,'karol','to pies','2020-05-21 12:51:28.592000',NULL)
COMMIT
INSERT INTO PROJEKT VALUES(38,'dada','asdasd','2020-05-21 12:51:36.784000','2020-05-01')
COMMIT
INSERT INTO PROJEKT VALUES(39,'babab','bababaa','2020-05-21 12:51:55.352000','2020-05-06')
COMMIT
INSERT INTO PROJEKT VALUES(40,'lalalalal','alalalalalallalalaasfjksadhfuiasdh;lfbsajkdlfhadslkhvcbjkdsaglkashfdujahsdnjuihcuoiabserhjdfjlkchgujkfabsd;jkhcuks;ajdfg','2020-05-21 12:52:11.513000','2020-04-27')
COMMIT
INSERT INTO PROJEKT VALUES(41,'ala','ma kota','2020-05-21 12:52:24.832000','2020-05-07')
COMMIT
INSERT INTO PROJEKT VALUES(42,'pawel','to tez pies','2020-05-21 12:53:02.866000','2020-05-27')
COMMIT
